<?xml version="1.0" encoding="UTF-8"?>
<!-- Generated by org.testng.reporters.JUnitReportReporter -->
<testsuite skipped="0" hostname="Pratik-PC" name="AppTest" tests="1" failures="0" timestamp="23 Sep 2017 12:31:17 GMT" time="0.025" errors="0">
  <testcase name="testAppHasAGreeting" time="0.025" classname="AppTest"/>
</testsuite> <!-- AppTest -->
